<?xml version="1.0" encoding="UTF-8"?>
<testng-results skipped="0" failed="0" ignored="0" total="1" passed="1">
  <reporter-output>
  </reporter-output>
  <suite name="Default suite" duration-ms="12544" started-at="2020-07-29T06:14:06Z" finished-at="2020-07-29T06:14:18Z">
    <groups>
    </groups>
    <test name="Default test" duration-ms="12544" started-at="2020-07-29T06:14:06Z" finished-at="2020-07-29T06:14:18Z">
      <class name="elvee.TestRun.SampleTest">
        <test-method status="PASS" signature="runner()[pri:0, instance:elvee.TestRun.SampleTest@4ae3c1cd]" name="runner" duration-ms="12484" started-at="2020-07-29T06:14:06Z" finished-at="2020-07-29T06:14:18Z">
          <reporter-output>
          </reporter-output>
        </test-method> <!-- runner -->
      </class> <!-- elvee.TestRun.SampleTest -->
    </test> <!-- Default test -->
  </suite> <!-- Default suite -->
</testng-results>
